{
  "RSpec": {
    "coverage": {
      "/Users/ralucaghilea/Documents/Fall 2021/COSC 415/COSC415-ToDo/app/models/user.rb": {
        "lines": [
          1,
          null,
          null,
          1,
          null,
          null
        ]
      },
      "/Users/ralucaghilea/Documents/Fall 2021/COSC 415/COSC415-ToDo/app/models/application_record.rb": {
        "lines": [
          1,
          1,
          null
        ]
      },
      "/Users/ralucaghilea/Documents/Fall 2021/COSC 415/COSC415-ToDo/app/helpers/application_helper.rb": {
        "lines": [
          1,
          null
        ]
      },
      "/Users/ralucaghilea/Documents/Fall 2021/COSC 415/COSC415-ToDo/app/helpers/tasks_helper.rb": {
        "lines": [
          1,
          null
        ]
      },
      "/Users/ralucaghilea/Documents/Fall 2021/COSC 415/COSC415-ToDo/app/models/task.rb": {
        "lines": [
          1,
          null
        ]
      },
      "/Users/ralucaghilea/Documents/Fall 2021/COSC 415/COSC415-ToDo/app/controllers/tasks_controller.rb": {
        "lines": [
          1,
          1,
          null,
          null,
          1,
          null,
          null,
          1,
          null,
          null,
          1,
          null,
          null,
          1,
          null,
          null,
          1,
          null,
          null,
          1,
          null,
          null,
          1,
          5,
          5,
          5,
          27,
          27,
          27,
          null,
          27,
          12,
          null,
          null,
          27,
          5,
          null,
          22,
          null,
          null,
          27,
          27,
          null,
          5,
          null,
          null
        ]
      },
      "/Users/ralucaghilea/Documents/Fall 2021/COSC 415/COSC415-ToDo/app/controllers/application_controller.rb": {
        "lines": [
          1,
          null
        ]
      }
    },
    "timestamp": 1636235905
  }
}
