{
  "RSpec": {
    "coverage": {
      "/mnt/c/Users/james/Desktop/COSC415-ToDo/app/models/user.rb": {
        "lines": [
          1,
          null,
          null,
          1,
          null,
          null
        ]
      },
      "/mnt/c/Users/james/Desktop/COSC415-ToDo/app/models/application_record.rb": {
        "lines": [
          1,
          1,
          null
        ]
      },
      "/mnt/c/Users/james/Desktop/COSC415-ToDo/app/helpers/application_helper.rb": {
        "lines": [
          1,
          null
        ]
      },
      "/mnt/c/Users/james/Desktop/COSC415-ToDo/app/helpers/tasks_helper.rb": {
        "lines": [
          1,
          null
        ]
      },
      "/mnt/c/Users/james/Desktop/COSC415-ToDo/app/models/task.rb": {
        "lines": [
          1,
          null
        ]
      },
      "/mnt/c/Users/james/Desktop/COSC415-ToDo/app/controllers/tasks_controller.rb": {
        "lines": [
          1,
          1,
          1,
          null,
          null,
          1,
          null,
          null,
          1,
          null,
          null,
          1,
          null,
          null,
          1,
          null,
          null,
          1,
          null,
          null,
          1,
          null,
          null,
          1,
          2,
          2,
          2,
          12,
          12,
          12,
          null,
          12,
          6,
          null,
          null,
          12,
          2,
          null,
          10,
          null,
          null,
          12,
          12,
          null,
          2,
          null,
          null
        ]
      },
      "/mnt/c/Users/james/Desktop/COSC415-ToDo/app/controllers/application_controller.rb": {
        "lines": [
          1,
          1,
          1,
          0,
          null,
          null
        ]
      }
    },
    "timestamp": 1636333365
  }
}
